<?xml version="1.0" encoding="UTF-8"?>
<testng-results skipped="0" failed="1" total="3" passed="2">
  <reporter-output>
  </reporter-output>
  <suite name="Default suite" duration-ms="14072" started-at="2023-07-24T07:26:26Z" finished-at="2023-07-24T07:26:40Z">
    <groups>
    </groups>
    <test name="Default test" duration-ms="14072" started-at="2023-07-24T07:26:26Z" finished-at="2023-07-24T07:26:40Z">
      <class name="SeleniumDay14.ExtentReportMethod1">
        <test-method status="PASS" signature="startReport()[pri:0, instance:SeleniumDay14.ExtentReportMethod1@20322d26]" name="startReport" is-config="true" duration-ms="280" started-at="2023-07-24T00:26:26Z" finished-at="2023-07-24T00:26:26Z">
          <reporter-output>
          </reporter-output>
        </test-method> <!-- startReport -->
        <test-method status="PASS" signature="setup()[pri:0, instance:SeleniumDay14.ExtentReportMethod1@20322d26]" name="setup" is-config="true" duration-ms="5183" started-at="2023-07-24T00:26:26Z" finished-at="2023-07-24T00:26:31Z">
          <reporter-output>
          </reporter-output>
        </test-method> <!-- setup -->
        <test-method status="PASS" signature="verifyApplicationSearchTest()[pri:0, instance:SeleniumDay14.ExtentReportMethod1@20322d26]" name="verifyApplicationSearchTest" duration-ms="53" started-at="2023-07-24T00:26:31Z" finished-at="2023-07-24T00:26:31Z">
          <reporter-output>
          </reporter-output>
        </test-method> <!-- verifyApplicationSearchTest -->
        <test-method status="PASS" signature="getResult(org.testng.ITestResult)[pri:0, instance:SeleniumDay14.ExtentReportMethod1@20322d26]" name="getResult" is-config="true" duration-ms="837" started-at="2023-07-24T00:26:31Z" finished-at="2023-07-24T00:26:32Z">
          <params>
            <param index="0">
              <value>
                <![CDATA[[TestResult name=verifyApplicationSearchTest status=SUCCESS method=ExtentReportMethod1.verifyApplicationSearchTest()[pri:0, instance:SeleniumDay14.ExtentReportMethod1@20322d26] output={null}]]]>
              </value>
            </param>
          </params>
          <reporter-output>
          </reporter-output>
        </test-method> <!-- getResult -->
        <test-method status="PASS" signature="setup()[pri:0, instance:SeleniumDay14.ExtentReportMethod1@20322d26]" name="setup" is-config="true" duration-ms="2747" started-at="2023-07-24T00:26:32Z" finished-at="2023-07-24T00:26:35Z">
          <reporter-output>
          </reporter-output>
        </test-method> <!-- setup -->
        <test-method status="FAIL" signature="verifyLogo()[pri:0, instance:SeleniumDay14.ExtentReportMethod1@20322d26]" name="verifyLogo" duration-ms="89" started-at="2023-07-24T00:26:35Z" finished-at="2023-07-24T00:26:35Z">
          <exception class="java.lang.AssertionError">
            <message>
              <![CDATA[expected [false] but found [true]]]>
            </message>
            <full-stacktrace>
              <![CDATA[java.lang.AssertionError: expected [false] but found [true]
	at org.testng.Assert.fail(Assert.java:94)
	at org.testng.Assert.failNotEquals(Assert.java:496)
	at org.testng.Assert.assertFalse(Assert.java:63)
	at org.testng.Assert.assertFalse(Assert.java:73)
	at SeleniumDay14.ExtentReportMethod1.verifyLogo(ExtentReportMethod1.java:161)
	at sun.reflect.NativeMethodAccessorImpl.invoke0(Native Method)
	at sun.reflect.NativeMethodAccessorImpl.invoke(Unknown Source)
	at sun.reflect.DelegatingMethodAccessorImpl.invoke(Unknown Source)
	at java.lang.reflect.Method.invoke(Unknown Source)
	at org.testng.internal.MethodInvocationHelper.invokeMethod(MethodInvocationHelper.java:85)
	at org.testng.internal.Invoker.invokeMethod(Invoker.java:659)
	at org.testng.internal.Invoker.invokeTestMethod(Invoker.java:845)
	at org.testng.internal.Invoker.invokeTestMethods(Invoker.java:1153)
	at org.testng.internal.TestMethodWorker.invokeTestMethods(TestMethodWorker.java:125)
	at org.testng.internal.TestMethodWorker.run(TestMethodWorker.java:108)
	at org.testng.TestRunner.privateRun(TestRunner.java:771)
	at org.testng.TestRunner.run(TestRunner.java:621)
	at org.testng.SuiteRunner.runTest(SuiteRunner.java:357)
	at org.testng.SuiteRunner.runSequentially(SuiteRunner.java:352)
	at org.testng.SuiteRunner.privateRun(SuiteRunner.java:310)
	at org.testng.SuiteRunner.run(SuiteRunner.java:259)
	at org.testng.SuiteRunnerWorker.runSuite(SuiteRunnerWorker.java:52)
	at org.testng.SuiteRunnerWorker.run(SuiteRunnerWorker.java:86)
	at org.testng.TestNG.runSuitesSequentially(TestNG.java:1199)
	at org.testng.TestNG.runSuitesLocally(TestNG.java:1124)
	at org.testng.TestNG.run(TestNG.java:1032)
	at org.testng.remote.AbstractRemoteTestNG.run(AbstractRemoteTestNG.java:132)
	at org.testng.remote.RemoteTestNG.initAndRun(RemoteTestNG.java:230)
	at org.testng.remote.RemoteTestNG.main(RemoteTestNG.java:76)
]]>
            </full-stacktrace>
          </exception> <!-- java.lang.AssertionError -->
          <reporter-output>
          </reporter-output>
        </test-method> <!-- verifyLogo -->
        <test-method status="PASS" signature="getResult(org.testng.ITestResult)[pri:0, instance:SeleniumDay14.ExtentReportMethod1@20322d26]" name="getResult" is-config="true" duration-ms="893" started-at="2023-07-24T00:26:35Z" finished-at="2023-07-24T00:26:36Z">
          <params>
            <param index="0">
              <value>
                <![CDATA[[TestResult name=verifyLogo status=FAILURE method=ExtentReportMethod1.verifyLogo()[pri:0, instance:SeleniumDay14.ExtentReportMethod1@20322d26] output={null}]]]>
              </value>
            </param>
          </params>
          <reporter-output>
          </reporter-output>
        </test-method> <!-- getResult -->
        <test-method status="PASS" signature="setup()[pri:0, instance:SeleniumDay14.ExtentReportMethod1@20322d26]" name="setup" is-config="true" duration-ms="2777" started-at="2023-07-24T00:26:36Z" finished-at="2023-07-24T00:26:39Z">
          <reporter-output>
          </reporter-output>
        </test-method> <!-- setup -->
        <test-method status="PASS" signature="verifyTitle()[pri:0, instance:SeleniumDay14.ExtentReportMethod1@20322d26]" name="verifyTitle" duration-ms="15" started-at="2023-07-24T00:26:39Z" finished-at="2023-07-24T00:26:39Z">
          <reporter-output>
          </reporter-output>
        </test-method> <!-- verifyTitle -->
        <test-method status="PASS" signature="getResult(org.testng.ITestResult)[pri:0, instance:SeleniumDay14.ExtentReportMethod1@20322d26]" name="getResult" is-config="true" duration-ms="708" started-at="2023-07-24T00:26:39Z" finished-at="2023-07-24T00:26:39Z">
          <params>
            <param index="0">
              <value>
                <![CDATA[[TestResult name=verifyTitle status=SUCCESS method=ExtentReportMethod1.verifyTitle()[pri:0, instance:SeleniumDay14.ExtentReportMethod1@20322d26] output={null}]]]>
              </value>
            </param>
          </params>
          <reporter-output>
          </reporter-output>
        </test-method> <!-- getResult -->
        <test-method status="PASS" signature="endReport()[pri:0, instance:SeleniumDay14.ExtentReportMethod1@20322d26]" name="endReport" is-config="true" duration-ms="456" started-at="2023-07-24T00:26:39Z" finished-at="2023-07-24T00:26:40Z">
          <reporter-output>
          </reporter-output>
        </test-method> <!-- endReport -->
      </class> <!-- SeleniumDay14.ExtentReportMethod1 -->
    </test> <!-- Default test -->
  </suite> <!-- Default suite -->
</testng-results>
